# JRE version: Java(TM) SE Runtime Environment (8.0_171-b11) (build 1.8.0_171-b11)
# Java VM: Java HotSpot(TM) 64-Bit Server VM (25.171-b11 mixed mode windows-amd64 compressed oops)
Heap:
 PSYoungGen      total 205312K, used 7379K [0x00000000d5580000, 0x00000000e5700000, 0x0000000100000000)
  eden space 199680K, 3% used [0x00000000d5580000,0x00000000d5cb4c40,0x00000000e1880000)
  from space 5632K, 0% used [0x00000000e5180000,0x00000000e5180000,0x00000000e5700000)
  to   space 12288K, 0% used [0x00000000e3f00000,0x00000000e3f00000,0x00000000e4b00000)
 ParOldGen       total 110080K, used 17871K [0x0000000080000000, 0x0000000086b80000, 0x00000000d5580000)
  object space 110080K, 16% used [0x0000000080000000,0x0000000081173c78,0x0000000086b80000)
 Metaspace       used 37059K, capacity 38526K, committed 38656K, reserved 1083392K
  class space    used 5199K, capacity 5516K, committed 5632K, reserved 1048576K
GC Heap History (10 events):
Event: 39.763 GC heap before
{Heap before GC invocations=7 (full 1):
 PSYoungGen      total 76288K, used 73880K [0x00000000d5580000, 0x00000000de880000, 0x0000000100000000)
  eden space 65536K, 100% used [0x00000000d5580000,0x00000000d9580000,0x00000000d9580000)
  from space 10752K, 77% used [0x00000000d9580000,0x00000000d9da6300,0x00000000da000000)
  to   space 12288K, 0% used [0x00000000ddc80000,0x00000000ddc80000,0x00000000de880000)
 ParOldGen       total 78336K, used 7094K [0x0000000080000000, 0x0000000084c80000, 0x00000000d5580000)
  object space 78336K, 9% used [0x0000000080000000,0x00000000806ed840,0x0000000084c80000)
 Metaspace       used 33091K, capacity 34108K, committed 34432K, reserved 1079296K
  class space    used 4612K, capacity 4878K, committed 4992K, reserved 1048576K
Event: 39.780 GC heap after
Heap after GC invocations=7 (full 1):
 PSYoungGen      total 137216K, used 9285K [0x00000000d5580000, 0x00000000de800000, 0x0000000100000000)
  eden space 125440K, 0% used [0x00000000d5580000,0x00000000d5580000,0x00000000dd000000)
  from space 11776K, 78% used [0x00000000ddc80000,0x00000000de5915a8,0x00000000de800000)
  to   space 12288K, 0% used [0x00000000dd000000,0x00000000dd000000,0x00000000ddc00000)
 ParOldGen       total 78336K, used 7102K [0x0000000080000000, 0x0000000084c80000, 0x00000000d5580000)
  object space 78336K, 9% used [0x0000000080000000,0x00000000806ef840,0x0000000084c80000)
 Metaspace       used 33091K, capacity 34108K, committed 34432K, reserved 1079296K
  class space    used 4612K, capacity 4878K, committed 4992K, reserved 1048576K
}
Event: 40.173 GC heap before
{Heap before GC invocations=8 (full 1):
 PSYoungGen      total 137216K, used 32624K [0x00000000d5580000, 0x00000000de800000, 0x0000000100000000)
  eden space 125440K, 18% used [0x00000000d5580000,0x00000000d6c4aa80,0x00000000dd000000)
  from space 11776K, 78% used [0x00000000ddc80000,0x00000000de5915a8,0x00000000de800000)
  to   space 12288K, 0% used [0x00000000dd000000,0x00000000dd000000,0x00000000ddc00000)
 ParOldGen       total 78336K, used 7102K [0x0000000080000000, 0x0000000084c80000, 0x00000000d5580000)
  object space 78336K, 9% used [0x0000000080000000,0x00000000806ef840,0x0000000084c80000)
 Metaspace       used 34262K, capacity 35374K, committed 35496K, reserved 1079296K
  class space    used 4797K, capacity 5060K, committed 5120K, reserved 1048576K
Event: 40.226 GC heap after
Heap after GC invocations=8 (full 1):
 PSYoungGen      total 137728K, used 7707K [0x00000000d5580000, 0x00000000e5d80000, 0x0000000100000000)
  eden space 125440K, 0% used [0x00000000d5580000,0x00000000d5580000,0x00000000dd000000)
  from space 12288K, 62% used [0x00000000dd000000,0x00000000dd786c58,0x00000000ddc00000)
  to   space 12288K, 0% used [0x00000000e5180000,0x00000000e5180000,0x00000000e5d80000)
 ParOldGen       total 78336K, used 7102K [0x0000000080000000, 0x0000000084c80000, 0x00000000d5580000)
  object space 78336K, 9% used [0x0000000080000000,0x00000000806ef840,0x0000000084c80000)
 Metaspace       used 34262K, capacity 35374K, committed 35496K, reserved 1079296K
  class space    used 4797K, capacity 5060K, committed 5120K, reserved 1048576K
}
Event: 40.226 GC heap before
{Heap before GC invocations=9 (full 2):
 PSYoungGen      total 137728K, used 7707K [0x00000000d5580000, 0x00000000e5d80000, 0x0000000100000000)
  eden space 125440K, 0% used [0x00000000d5580000,0x00000000d5580000,0x00000000dd000000)
  from space 12288K, 62% used [0x00000000dd000000,0x00000000dd786c58,0x00000000ddc00000)
  to   space 12288K, 0% used [0x00000000e5180000,0x00000000e5180000,0x00000000e5d80000)
 ParOldGen       total 78336K, used 7102K [0x0000000080000000, 0x0000000084c80000, 0x00000000d5580000)
  object space 78336K, 9% used [0x0000000080000000,0x00000000806ef840,0x0000000084c80000)
 Metaspace       used 34262K, capacity 35374K, committed 35496K, reserved 1079296K
  class space    used 4797K, capacity 5060K, committed 5120K, reserved 1048576K
Event: 40.404 GC heap after
Heap after GC invocations=9 (full 2):
 PSYoungGen      total 137728K, used 0K [0x00000000d5580000, 0x00000000e5d80000, 0x0000000100000000)
  eden space 125440K, 0% used [0x00000000d5580000,0x00000000d5580000,0x00000000dd000000)
  from space 12288K, 0% used [0x00000000dd000000,0x00000000dd000000,0x00000000ddc00000)
  to   space 12288K, 0% used [0x00000000e5180000,0x00000000e5180000,0x00000000e5d80000)
 ParOldGen       total 110080K, used 14386K [0x0000000080000000, 0x0000000086b80000, 0x00000000d5580000)
  object space 110080K, 13% used [0x0000000080000000,0x0000000080e0c908,0x0000000086b80000)
 Metaspace       used 34262K, capacity 35374K, committed 35496K, reserved 1079296K
  class space    used 4797K, capacity 5060K, committed 5120K, reserved 1048576K
}
Event: 55.792 GC heap before
{Heap before GC invocations=10 (full 2):
 PSYoungGen      total 137728K, used 95185K [0x00000000d5580000, 0x00000000e5d80000, 0x0000000100000000)
  eden space 125440K, 75% used [0x00000000d5580000,0x00000000db2747b8,0x00000000dd000000)
  from space 12288K, 0% used [0x00000000dd000000,0x00000000dd000000,0x00000000ddc00000)
  to   space 12288K, 0% used [0x00000000e5180000,0x00000000e5180000,0x00000000e5d80000)
 ParOldGen       total 110080K, used 14386K [0x0000000080000000, 0x0000000086b80000, 0x00000000d5580000)
  object space 110080K, 13% used [0x0000000080000000,0x0000000080e0c908,0x0000000086b80000)
 Metaspace       used 36786K, capacity 38198K, committed 38272K, reserved 1085440K
  class space    used 5158K, capacity 5462K, committed 5504K, reserved 1048576K
Event: 55.803 GC heap after
Heap after GC invocations=10 (full 2):
 PSYoungGen      total 205312K, used 5410K [0x00000000d5580000, 0x00000000e5700000, 0x0000000100000000)
  eden space 199680K, 0% used [0x00000000d5580000,0x00000000d5580000,0x00000000e1880000)
  from space 5632K, 96% used [0x00000000e5180000,0x00000000e56c8920,0x00000000e5700000)
  to   space 12288K, 0% used [0x00000000e3f00000,0x00000000e3f00000,0x00000000e4b00000)
 ParOldGen       total 110080K, used 14394K [0x0000000080000000, 0x0000000086b80000, 0x00000000d5580000)
  object space 110080K, 13% used [0x0000000080000000,0x0000000080e0e908,0x0000000086b80000)
 Metaspace       used 36786K, capacity 38198K, committed 38272K, reserved 1085440K
  class space    used 5158K, capacity 5462K, committed 5504K, reserved 1048576K
}
Event: 55.803 GC heap before
{Heap before GC invocations=11 (full 3):
 PSYoungGen      total 205312K, used 5410K [0x00000000d5580000, 0x00000000e5700000, 0x0000000100000000)
  eden space 199680K, 0% used [0x00000000d5580000,0x00000000d5580000,0x00000000e1880000)
  from space 5632K, 96% used [0x00000000e5180000,0x00000000e56c8920,0x00000000e5700000)
  to   space 12288K, 0% used [0x00000000e3f00000,0x00000000e3f00000,0x00000000e4b00000)
 ParOldGen       total 110080K, used 14394K [0x0000000080000000, 0x0000000086b80000, 0x00000000d5580000)
  object space 110080K, 13% used [0x0000000080000000,0x0000000080e0e908,0x0000000086b80000)
 Metaspace       used 36786K, capacity 38198K, committed 38272K, reserved 1085440K
  class space    used 5158K, capacity 5462K, committed 5504K, reserved 1048576K
Event: 56.042 GC heap after
Heap after GC invocations=11 (full 3):
 PSYoungGen      total 205312K, used 0K [0x00000000d5580000, 0x00000000e5700000, 0x0000000100000000)
  eden space 199680K, 0% used [0x00000000d5580000,0x00000000d5580000,0x00000000e1880000)
  from space 5632K, 0% used [0x00000000e5180000,0x00000000e5180000,0x00000000e5700000)
  to   space 12288K, 0% used [0x00000000e3f00000,0x00000000e3f00000,0x00000000e4b00000)
 ParOldGen       total 110080K, used 17871K [0x0000000080000000, 0x0000000086b80000, 0x00000000d5580000)
  object space 110080K, 16% used [0x0000000080000000,0x0000000081173c78,0x0000000086b80000)
 Metaspace       used 36764K, capacity 38126K, committed 38272K, reserved 1083392K
  class space    used 5151K, capacity 5450K, committed 5504K, reserved 1048576K
}

